<?xml version="1.0" encoding="UTF-8"?>
<!-- Generated by org.testng.reporters.JUnitXMLReporter -->
<testsuite hostname="HW1230" ignored="0" name="Test3" tests="1" failures="1" timestamp="20 Feb 2019 10:26:54 GMT" time="9.553" errors="0">
  <testcase name="alogin" time="0.086" classname="SmokeTest.GmailLoginSmoke">
    <failure type="java.lang.AssertionError" message="expected [Gmail - Free Storage and Email from Google] but found [Gmail]">
      <![CDATA[java.lang.AssertionError: expected [Gmail - Free Storage and Email from Google] but found [Gmail]
at automation.GmailLogin.verifyGmailTitle(GmailLogin.java:20)
at SmokeTest.GmailLoginSmoke.alogin(GmailLoginSmoke.java:56)
... Removed 31 stack frames]]>
    </failure>
  </testcase> <!-- alogin -->
</testsuite> <!-- Test3 -->
